<?xml version="1.0" encoding="UTF-8"?>
<!-- Generated by org.testng.reporters.JUnitXMLReporter -->
<testsuite ignored="0" hostname="IT-QA" failures="0" tests="2" name="Default test" time="12.799" errors="0" timestamp="2021-08-19T09:36:28 CDT">
  <testcase classname="amaxwebsite15mincheck.AmaxWebsiteTest15" name="amaxQuoteEnginePageTitleTest" time="3.641"/>
  <testcase classname="amaxwebsite15mincheck.AmaxWebsiteTest15" name="amaxWebSiteHomePageTitleTest" time="0.017"/>
</testsuite> <!-- Default test -->
