<?xml version="1.0" encoding="UTF-8"?>
<testng-results ignored="0" total="0" passed="0" failed="0" skipped="0">
  <reporter-output>
  </reporter-output>
  <suite started-at="2021-08-19T12:26:47 CDT" name="amaxwebsite15mincheck.BaseTest" finished-at="2021-08-19T12:26:47 CDT" duration-ms="9">
    <groups>
    </groups>
    <test started-at="2021-08-19T12:26:47 CDT" name="Command line test" finished-at="2021-08-19T12:26:47 CDT" duration-ms="9">
    </test> <!-- Command line test -->
  </suite> <!-- amaxwebsite15mincheck.BaseTest -->
</testng-results>
