<?xml version="1.0" encoding="UTF-8"?>
<testng-results ignored="0" total="2" passed="2" failed="0" skipped="0">
  <reporter-output>
  </reporter-output>
  <suite started-at="2021-08-18T16:06:10 CDT" name="Default suite" finished-at="2021-08-18T16:06:24 CDT" duration-ms="13662">
    <groups>
    </groups>
    <test started-at="2021-08-18T16:06:10 CDT" name="Default test" finished-at="2021-08-18T16:06:24 CDT" duration-ms="13662">
      <class name="amaxwebsite15mincheck.AmaxWebsiteTest15">
        <test-method is-config="true" signature="setUp()[pri:0, instance:amaxwebsite15mincheck.AmaxWebsiteTest15@13b13b5d]" started-at="2021-08-18T16:06:10 CDT" name="setUp" finished-at="2021-08-18T16:06:15 CDT" duration-ms="4091" status="PASS">
          <reporter-output>
          </reporter-output>
        </test-method> <!-- setUp -->
        <test-method signature="amaxQuoteEnginePageTitleTest()[pri:1, instance:amaxwebsite15mincheck.AmaxWebsiteTest15@13b13b5d]" started-at="2021-08-18T16:06:15 CDT" name="amaxQuoteEnginePageTitleTest" finished-at="2021-08-18T16:06:18 CDT" duration-ms="3725" status="PASS">
          <reporter-output>
          </reporter-output>
        </test-method> <!-- amaxQuoteEnginePageTitleTest -->
        <test-method is-config="true" signature="tearDown()[pri:0, instance:amaxwebsite15mincheck.AmaxWebsiteTest15@13b13b5d]" started-at="2021-08-18T16:06:18 CDT" name="tearDown" finished-at="2021-08-18T16:06:19 CDT" duration-ms="871" status="PASS">
          <reporter-output>
          </reporter-output>
        </test-method> <!-- tearDown -->
        <test-method is-config="true" signature="setUp()[pri:0, instance:amaxwebsite15mincheck.AmaxWebsiteTest15@13b13b5d]" started-at="2021-08-18T16:06:19 CDT" name="setUp" finished-at="2021-08-18T16:06:23 CDT" duration-ms="3450" status="PASS">
          <reporter-output>
          </reporter-output>
        </test-method> <!-- setUp -->
        <test-method signature="amaxWebSiteHomePageTitleTest()[pri:2, instance:amaxwebsite15mincheck.AmaxWebsiteTest15@13b13b5d]" started-at="2021-08-18T16:06:23 CDT" name="amaxWebSiteHomePageTitleTest" finished-at="2021-08-18T16:06:23 CDT" duration-ms="6" status="PASS">
          <reporter-output>
          </reporter-output>
        </test-method> <!-- amaxWebSiteHomePageTitleTest -->
        <test-method is-config="true" signature="tearDown()[pri:0, instance:amaxwebsite15mincheck.AmaxWebsiteTest15@13b13b5d]" started-at="2021-08-18T16:06:23 CDT" name="tearDown" finished-at="2021-08-18T16:06:24 CDT" duration-ms="1476" status="PASS">
          <reporter-output>
          </reporter-output>
        </test-method> <!-- tearDown -->
      </class> <!-- amaxwebsite15mincheck.AmaxWebsiteTest15 -->
    </test> <!-- Default test -->
  </suite> <!-- Default suite -->
</testng-results>
