<?xml version="1.0" encoding="UTF-8"?>
<!-- Generated by org.testng.reporters.JUnitXMLReporter -->
<testsuite ignored="0" hostname="IT-QA" failures="0" tests="2" name="Sauce Test - FF" time="59.398" errors="0" timestamp="2021-08-19T11:08:53 CDT">
  <testcase classname="amaxwebsite15mincheck.AmaxWebsiteTest15" name="amaxQuoteEnginePageTitleTest" time="14.352"/>
  <testcase classname="amaxwebsite15mincheck.AmaxWebsiteTest15" name="amaxWebSiteHomePageTitleTest" time="6.559"/>
</testsuite> <!-- Sauce Test - FF -->
