<?xml version="1.0" encoding="UTF-8"?>
<!-- Generated by org.testng.reporters.JUnitXMLReporter -->
<testsuite ignored="0" hostname="IT-QA" failures="0" tests="2" name="Sauce Test - Chrome" time="32.084" errors="0" timestamp="2021-08-27T11:00:44 CDT">
  <testcase classname="amaxwebsite15mincheck.AmaxWebsiteTest15" name="amaxQuoteEnginePageTitleTest" time="8.451"/>
  <testcase classname="amaxwebsite15mincheck.AmaxWebsiteTest15" name="amaxWebSiteHomePageTitleTest" time="3.877"/>
</testsuite> <!-- Sauce Test - Chrome -->
