<?xml version="1.0" encoding="UTF-8"?>
<!-- Generated by org.testng.reporters.JUnitXMLReporter -->
<testsuite ignored="0" hostname="IT-QA" failures="0" tests="2" name="Sauce Test - FF" time="56.231" errors="0" timestamp="2021-08-19T13:32:21 CDT">
  <testcase classname="amaxwebsite15mincheck.AmaxWebsiteTest15" name="amaxQuoteEnginePageTitleTest" time="13.489"/>
  <testcase classname="amaxwebsite15mincheck.AmaxWebsiteTest15" name="amaxWebSiteHomePageTitleTest" time="8.966"/>
</testsuite> <!-- Sauce Test - FF -->
